This is pdfTeX, Version 3.14159265-2.6-1.40.18 (MiKTeX 2.9.6350 64-bit) (preloaded format=pdflatex 2017.8.7)  7 AUG 2017 19:45
entering extended mode
**c:/Users/thorg/Code/Report/main.tex
(c:/Users/thorg/Code/Report/main.tex
LaTeX2e <2017-04-15>
Babel <3.10> and hyphenation patterns for 75 language(s) loaded.
(ieeeconf.cls

LaTeX Warning: You have requested document class `ieeeconf',
               but the document class provides `IEEEtran'.

Document Class: IEEEtran 2015/08/26 V1.8b by Michael Shell
-- See the "IEEEtran_HOWTO" manual for usage information.
-- http://www.michaelshell.org/tex/ieeetran/
\@IEEEtrantmpdimenA=\dimen102
\@IEEEtrantmpdimenB=\dimen103
\@IEEEtrantmpdimenC=\dimen104
\@IEEEtrantmpcountA=\count79
\@IEEEtrantmpcountB=\count80
\@IEEEtrantmpcountC=\count81
\@IEEEtrantmptoksA=\toks14
LaTeX Font Info:    Try loading font information for OT1+ptm on input line 503.

("C:\Program Files\MiKTeX 2.9\tex\latex\psnfss\ot1ptm.fd"
File: ot1ptm.fd 2001/06/04 font definitions for OT1/ptm.
)
-- Using 8.5in x 11in (letter) paper.
-- Using PDF output.
\@IEEEnormalsizeunitybaselineskip=\dimen105
-- This is a 10 point document.
\CLASSINFOnormalsizebaselineskip=\dimen106
\CLASSINFOnormalsizeunitybaselineskip=\dimen107
\IEEEnormaljot=\dimen108
LaTeX Font Info:    Font shape `OT1/ptm/bx/n' in size <5> not available
(Font)              Font shape `OT1/ptm/b/n' tried instead on input line 1090.
LaTeX Font Info:    Font shape `OT1/ptm/bx/it' in size <5> not available
(Font)              Font shape `OT1/ptm/b/it' tried instead on input line 1090.

LaTeX Font Info:    Font shape `OT1/ptm/bx/n' in size <7> not available
(Font)              Font shape `OT1/ptm/b/n' tried instead on input line 1090.
LaTeX Font Info:    Font shape `OT1/ptm/bx/it' in size <7> not available
(Font)              Font shape `OT1/ptm/b/it' tried instead on input line 1090.

LaTeX Font Info:    Font shape `OT1/ptm/bx/n' in size <8> not available
(Font)              Font shape `OT1/ptm/b/n' tried instead on input line 1090.
LaTeX Font Info:    Font shape `OT1/ptm/bx/it' in size <8> not available
(Font)              Font shape `OT1/ptm/b/it' tried instead on input line 1090.

LaTeX Font Info:    Font shape `OT1/ptm/bx/n' in size <9> not available
(Font)              Font shape `OT1/ptm/b/n' tried instead on input line 1090.
LaTeX Font Info:    Font shape `OT1/ptm/bx/it' in size <9> not available
(Font)              Font shape `OT1/ptm/b/it' tried instead on input line 1090.

LaTeX Font Info:    Font shape `OT1/ptm/bx/n' in size <10> not available
(Font)              Font shape `OT1/ptm/b/n' tried instead on input line 1090.
LaTeX Font Info:    Font shape `OT1/ptm/bx/it' in size <10> not available
(Font)              Font shape `OT1/ptm/b/it' tried instead on input line 1090.

LaTeX Font Info:    Font shape `OT1/ptm/bx/n' in size <11> not available
(Font)              Font shape `OT1/ptm/b/n' tried instead on input line 1090.
LaTeX Font Info:    Font shape `OT1/ptm/bx/it' in size <11> not available
(Font)              Font shape `OT1/ptm/b/it' tried instead on input line 1090.

LaTeX Font Info:    Font shape `OT1/ptm/bx/n' in size <12> not available
(Font)              Font shape `OT1/ptm/b/n' tried instead on input line 1090.
LaTeX Font Info:    Font shape `OT1/ptm/bx/it' in size <12> not available
(Font)              Font shape `OT1/ptm/b/it' tried instead on input line 1090.

LaTeX Font Info:    Font shape `OT1/ptm/bx/n' in size <17> not available
(Font)              Font shape `OT1/ptm/b/n' tried instead on input line 1090.
LaTeX Font Info:    Font shape `OT1/ptm/bx/it' in size <17> not available
(Font)              Font shape `OT1/ptm/b/it' tried instead on input line 1090.

LaTeX Font Info:    Font shape `OT1/ptm/bx/n' in size <20> not available
(Font)              Font shape `OT1/ptm/b/n' tried instead on input line 1090.
LaTeX Font Info:    Font shape `OT1/ptm/bx/it' in size <20> not available
(Font)              Font shape `OT1/ptm/b/it' tried instead on input line 1090.

LaTeX Font Info:    Font shape `OT1/ptm/bx/n' in size <24> not available
(Font)              Font shape `OT1/ptm/b/n' tried instead on input line 1090.
LaTeX Font Info:    Font shape `OT1/ptm/bx/it' in size <24> not available
(Font)              Font shape `OT1/ptm/b/it' tried instead on input line 1090.

\IEEEquantizedlength=\dimen109
\IEEEquantizedlengthdiff=\dimen110
\IEEEquantizedtextheightdiff=\dimen111
\IEEEilabelindentA=\dimen112
\IEEEilabelindentB=\dimen113
\IEEEilabelindent=\dimen114
\IEEEelabelindent=\dimen115
\IEEEdlabelindent=\dimen116
\IEEElabelindent=\dimen117
\IEEEiednormlabelsep=\dimen118
\IEEEiedmathlabelsep=\dimen119
\IEEEiedtopsep=\skip41
\c@section=\count82
\c@subsection=\count83
\c@subsubsection=\count84
\c@paragraph=\count85
\c@IEEEsubequation=\count86
\abovecaptionskip=\skip42
\belowcaptionskip=\skip43
\c@figure=\count87
\c@table=\count88
\@IEEEeqnnumcols=\count89
\@IEEEeqncolcnt=\count90
\@IEEEsubeqnnumrollback=\count91
\@IEEEquantizeheightA=\dimen120
\@IEEEquantizeheightB=\dimen121
\@IEEEquantizeheightC=\dimen122
\@IEEEquantizeprevdepth=\dimen123
\@IEEEquantizemultiple=\count92
\@IEEEquantizeboxA=\box26
\@IEEEtmpitemindent=\dimen124
\IEEEPARstartletwidth=\dimen125
\c@IEEEbiography=\count93
\@IEEEtranrubishbin=\box27
)
** ATTENTION: Overriding command lockouts (line 6).
("C:\Program Files\MiKTeX 2.9\tex\latex\base\inputenc.sty"
Package: inputenc 2015/03/17 v1.2c Input encoding file
\inpenc@prehook=\toks15
\inpenc@posthook=\toks16

("C:\Program Files\MiKTeX 2.9\tex\latex\base\utf8.def"
File: utf8.def 2017/01/28 v1.1t UTF-8 support for inputenc
Now handling font encoding OML ...
... no UTF-8 mapping file for font encoding OML
Now handling font encoding T1 ...
... processing UTF-8 mapping file for font encoding T1

("C:\Program Files\MiKTeX 2.9\tex\latex\base\t1enc.dfu"
File: t1enc.dfu 2017/01/28 v1.1t UTF-8 support for inputenc
   defining Unicode char U+00A0 (decimal 160)
   defining Unicode char U+00A1 (decimal 161)
   defining Unicode char U+00A3 (decimal 163)
   defining Unicode char U+00AB (decimal 171)
   defining Unicode char U+00AD (decimal 173)
   defining Unicode char U+00BB (decimal 187)
   defining Unicode char U+00BF (decimal 191)
   defining Unicode char U+00C0 (decimal 192)
   defining Unicode char U+00C1 (decimal 193)
   defining Unicode char U+00C2 (decimal 194)
   defining Unicode char U+00C3 (decimal 195)
   defining Unicode char U+00C4 (decimal 196)
   defining Unicode char U+00C5 (decimal 197)
   defining Unicode char U+00C6 (decimal 198)
   defining Unicode char U+00C7 (decimal 199)
   defining Unicode char U+00C8 (decimal 200)
   defining Unicode char U+00C9 (decimal 201)
   defining Unicode char U+00CA (decimal 202)
   defining Unicode char U+00CB (decimal 203)
   defining Unicode char U+00CC (decimal 204)
   defining Unicode char U+00CD (decimal 205)
   defining Unicode char U+00CE (decimal 206)
   defining Unicode char U+00CF (decimal 207)
   defining Unicode char U+00D0 (decimal 208)
   defining Unicode char U+00D1 (decimal 209)
   defining Unicode char U+00D2 (decimal 210)
   defining Unicode char U+00D3 (decimal 211)
   defining Unicode char U+00D4 (decimal 212)
   defining Unicode char U+00D5 (decimal 213)
   defining Unicode char U+00D6 (decimal 214)
   defining Unicode char U+00D8 (decimal 216)
   defining Unicode char U+00D9 (decimal 217)
   defining Unicode char U+00DA (decimal 218)
   defining Unicode char U+00DB (decimal 219)
   defining Unicode char U+00DC (decimal 220)
   defining Unicode char U+00DD (decimal 221)
   defining Unicode char U+00DE (decimal 222)
   defining Unicode char U+00DF (decimal 223)
   defining Unicode char U+00E0 (decimal 224)
   defining Unicode char U+00E1 (decimal 225)
   defining Unicode char U+00E2 (decimal 226)
   defining Unicode char U+00E3 (decimal 227)
   defining Unicode char U+00E4 (decimal 228)
   defining Unicode char U+00E5 (decimal 229)
   defining Unicode char U+00E6 (decimal 230)
   defining Unicode char U+00E7 (decimal 231)
   defining Unicode char U+00E8 (decimal 232)
   defining Unicode char U+00E9 (decimal 233)
   defining Unicode char U+00EA (decimal 234)
   defining Unicode char U+00EB (decimal 235)
   defining Unicode char U+00EC (decimal 236)
   defining Unicode char U+00ED (decimal 237)
   defining Unicode char U+00EE (decimal 238)
   defining Unicode char U+00EF (decimal 239)
   defining Unicode char U+00F0 (decimal 240)
   defining Unicode char U+00F1 (decimal 241)
   defining Unicode char U+00F2 (decimal 242)
   defining Unicode char U+00F3 (decimal 243)
   defining Unicode char U+00F4 (decimal 244)
   defining Unicode char U+00F5 (decimal 245)
   defining Unicode char U+00F6 (decimal 246)
   defining Unicode char U+00F8 (decimal 248)
   defining Unicode char U+00F9 (decimal 249)
   defining Unicode char U+00FA (decimal 250)
   defining Unicode char U+00FB (decimal 251)
   defining Unicode char U+00FC (decimal 252)
   defining Unicode char U+00FD (decimal 253)
   defining Unicode char U+00FE (decimal 254)
   defining Unicode char U+00FF (decimal 255)
   defining Unicode char U+0100 (decimal 256)
   defining Unicode char U+0101 (decimal 257)
   defining Unicode char U+0102 (decimal 258)
   defining Unicode char U+0103 (decimal 259)
   defining Unicode char U+0104 (decimal 260)
   defining Unicode char U+0105 (decimal 261)
   defining Unicode char U+0106 (decimal 262)
   defining Unicode char U+0107 (decimal 263)
   defining Unicode char U+0108 (decimal 264)
   defining Unicode char U+0109 (decimal 265)
   defining Unicode char U+010A (decimal 266)
   defining Unicode char U+010B (decimal 267)
   defining Unicode char U+010C (decimal 268)
   defining Unicode char U+010D (decimal 269)
   defining Unicode char U+010E (decimal 270)
   defining Unicode char U+010F (decimal 271)
   defining Unicode char U+0110 (decimal 272)
   defining Unicode char U+0111 (decimal 273)
   defining Unicode char U+0112 (decimal 274)
   defining Unicode char U+0113 (decimal 275)
   defining Unicode char U+0114 (decimal 276)
   defining Unicode char U+0115 (decimal 277)
   defining Unicode char U+0116 (decimal 278)
   defining Unicode char U+0117 (decimal 279)
   defining Unicode char U+0118 (decimal 280)
   defining Unicode char U+0119 (decimal 281)
   defining Unicode char U+011A (decimal 282)
   defining Unicode char U+011B (decimal 283)
   defining Unicode char U+011C (decimal 284)
   defining Unicode char U+011D (decimal 285)
   defining Unicode char U+011E (decimal 286)
   defining Unicode char U+011F (decimal 287)
   defining Unicode char U+0120 (decimal 288)
   defining Unicode char U+0121 (decimal 289)
   defining Unicode char U+0122 (decimal 290)
   defining Unicode char U+0123 (decimal 291)
   defining Unicode char U+0124 (decimal 292)
   defining Unicode char U+0125 (decimal 293)
   defining Unicode char U+0128 (decimal 296)
   defining Unicode char U+0129 (decimal 297)
   defining Unicode char U+012A (decimal 298)
   defining Unicode char U+012B (decimal 299)
   defining Unicode char U+012C (decimal 300)
   defining Unicode char U+012D (decimal 301)
   defining Unicode char U+012E (decimal 302)
   defining Unicode char U+012F (decimal 303)
   defining Unicode char U+0130 (decimal 304)
   defining Unicode char U+0131 (decimal 305)
   defining Unicode char U+0132 (decimal 306)
   defining Unicode char U+0133 (decimal 307)
   defining Unicode char U+0134 (decimal 308)
   defining Unicode char U+0135 (decimal 309)
   defining Unicode char U+0136 (decimal 310)
   defining Unicode char U+0137 (decimal 311)
   defining Unicode char U+0139 (decimal 313)
   defining Unicode char U+013A (decimal 314)
   defining Unicode char U+013B (decimal 315)
   defining Unicode char U+013C (decimal 316)
   defining Unicode char U+013D (decimal 317)
   defining Unicode char U+013E (decimal 318)
   defining Unicode char U+0141 (decimal 321)
   defining Unicode char U+0142 (decimal 322)
   defining Unicode char U+0143 (decimal 323)
   defining Unicode char U+0144 (decimal 324)
   defining Unicode char U+0145 (decimal 325)
   defining Unicode char U+0146 (decimal 326)
   defining Unicode char U+0147 (decimal 327)
   defining Unicode char U+0148 (decimal 328)
   defining Unicode char U+014A (decimal 330)
   defining Unicode char U+014B (decimal 331)
   defining Unicode char U+014C (decimal 332)
   defining Unicode char U+014D (decimal 333)
   defining Unicode char U+014E (decimal 334)
   defining Unicode char U+014F (decimal 335)
   defining Unicode char U+0150 (decimal 336)
   defining Unicode char U+0151 (decimal 337)
   defining Unicode char U+0152 (decimal 338)
   defining Unicode char U+0153 (decimal 339)
   defining Unicode char U+0154 (decimal 340)
   defining Unicode char U+0155 (decimal 341)
   defining Unicode char U+0156 (decimal 342)
   defining Unicode char U+0157 (decimal 343)
   defining Unicode char U+0158 (decimal 344)
   defining Unicode char U+0159 (decimal 345)
   defining Unicode char U+015A (decimal 346)
   defining Unicode char U+015B (decimal 347)
   defining Unicode char U+015C (decimal 348)
   defining Unicode char U+015D (decimal 349)
   defining Unicode char U+015E (decimal 350)
   defining Unicode char U+015F (decimal 351)
   defining Unicode char U+0160 (decimal 352)
   defining Unicode char U+0161 (decimal 353)
   defining Unicode char U+0162 (decimal 354)
   defining Unicode char U+0163 (decimal 355)
   defining Unicode char U+0164 (decimal 356)
   defining Unicode char U+0165 (decimal 357)
   defining Unicode char U+0168 (decimal 360)
   defining Unicode char U+0169 (decimal 361)
   defining Unicode char U+016A (decimal 362)
   defining Unicode char U+016B (decimal 363)
   defining Unicode char U+016C (decimal 364)
   defining Unicode char U+016D (decimal 365)
   defining Unicode char U+016E (decimal 366)
   defining Unicode char U+016F (decimal 367)
   defining Unicode char U+0170 (decimal 368)
   defining Unicode char U+0171 (decimal 369)
   defining Unicode char U+0172 (decimal 370)
   defining Unicode char U+0173 (decimal 371)
   defining Unicode char U+0174 (decimal 372)
   defining Unicode char U+0175 (decimal 373)
   defining Unicode char U+0176 (decimal 374)
   defining Unicode char U+0177 (decimal 375)
   defining Unicode char U+0178 (decimal 376)
   defining Unicode char U+0179 (decimal 377)
   defining Unicode char U+017A (decimal 378)
   defining Unicode char U+017B (decimal 379)
   defining Unicode char U+017C (decimal 380)
   defining Unicode char U+017D (decimal 381)
   defining Unicode char U+017E (decimal 382)
   defining Unicode char U+01CD (decimal 461)
   defining Unicode char U+01CE (decimal 462)
   defining Unicode char U+01CF (decimal 463)
   defining Unicode char U+01D0 (decimal 464)
   defining Unicode char U+01D1 (decimal 465)
   defining Unicode char U+01D2 (decimal 466)
   defining Unicode char U+01D3 (decimal 467)
   defining Unicode char U+01D4 (decimal 468)
   defining Unicode char U+01E2 (decimal 482)
   defining Unicode char U+01E3 (decimal 483)
   defining Unicode char U+01E6 (decimal 486)
   defining Unicode char U+01E7 (decimal 487)
   defining Unicode char U+01E8 (decimal 488)
   defining Unicode char U+01E9 (decimal 489)
   defining Unicode char U+01EA (decimal 490)
   defining Unicode char U+01EB (decimal 491)
   defining Unicode char U+01F0 (decimal 496)
   defining Unicode char U+01F4 (decimal 500)
   defining Unicode char U+01F5 (decimal 501)
   defining Unicode char U+0218 (decimal 536)
   defining Unicode char U+0219 (decimal 537)
   defining Unicode char U+021A (decimal 538)
   defining Unicode char U+021B (decimal 539)
   defining Unicode char U+0232 (decimal 562)
   defining Unicode char U+0233 (decimal 563)
   defining Unicode char U+1E02 (decimal 7682)
   defining Unicode char U+1E03 (decimal 7683)
   defining Unicode char U+200C (decimal 8204)
   defining Unicode char U+2010 (decimal 8208)
   defining Unicode char U+2011 (decimal 8209)
   defining Unicode char U+2012 (decimal 8210)
   defining Unicode char U+2013 (decimal 8211)
   defining Unicode char U+2014 (decimal 8212)
   defining Unicode char U+2015 (decimal 8213)
   defining Unicode char U+2018 (decimal 8216)
   defining Unicode char U+2019 (decimal 8217)
   defining Unicode char U+201A (decimal 8218)
   defining Unicode char U+201C (decimal 8220)
   defining Unicode char U+201D (decimal 8221)
   defining Unicode char U+201E (decimal 8222)
   defining Unicode char U+2030 (decimal 8240)
   defining Unicode char U+2031 (decimal 8241)
   defining Unicode char U+2039 (decimal 8249)
   defining Unicode char U+203A (decimal 8250)
   defining Unicode char U+2423 (decimal 9251)
   defining Unicode char U+1E20 (decimal 7712)
   defining Unicode char U+1E21 (decimal 7713)
)
Now handling font encoding OT1 ...
... processing UTF-8 mapping file for font encoding OT1

("C:\Program Files\MiKTeX 2.9\tex\latex\base\ot1enc.dfu"
File: ot1enc.dfu 2017/01/28 v1.1t UTF-8 support for inputenc
   defining Unicode char U+00A0 (decimal 160)
   defining Unicode char U+00A1 (decimal 161)
   defining Unicode char U+00A3 (decimal 163)
   defining Unicode char U+00AD (decimal 173)
   defining Unicode char U+00B8 (decimal 184)
   defining Unicode char U+00BF (decimal 191)
   defining Unicode char U+00C5 (decimal 197)
   defining Unicode char U+00C6 (decimal 198)
   defining Unicode char U+00D8 (decimal 216)
   defining Unicode char U+00DF (decimal 223)
   defining Unicode char U+00E6 (decimal 230)
   defining Unicode char U+00EC (decimal 236)
   defining Unicode char U+00ED (decimal 237)
   defining Unicode char U+00EE (decimal 238)
   defining Unicode char U+00EF (decimal 239)
   defining Unicode char U+00F8 (decimal 248)
   defining Unicode char U+0131 (decimal 305)
   defining Unicode char U+0141 (decimal 321)
   defining Unicode char U+0142 (decimal 322)
   defining Unicode char U+0152 (decimal 338)
   defining Unicode char U+0153 (decimal 339)
   defining Unicode char U+0174 (decimal 372)
   defining Unicode char U+0175 (decimal 373)
   defining Unicode char U+0176 (decimal 374)
   defining Unicode char U+0177 (decimal 375)
   defining Unicode char U+0218 (decimal 536)
   defining Unicode char U+0219 (decimal 537)
   defining Unicode char U+021A (decimal 538)
   defining Unicode char U+021B (decimal 539)
   defining Unicode char U+2013 (decimal 8211)
   defining Unicode char U+2014 (decimal 8212)
   defining Unicode char U+2018 (decimal 8216)
   defining Unicode char U+2019 (decimal 8217)
   defining Unicode char U+201C (decimal 8220)
   defining Unicode char U+201D (decimal 8221)
)
Now handling font encoding OMS ...
... processing UTF-8 mapping file for font encoding OMS

("C:\Program Files\MiKTeX 2.9\tex\latex\base\omsenc.dfu"
File: omsenc.dfu 2017/01/28 v1.1t UTF-8 support for inputenc
   defining Unicode char U+00A7 (decimal 167)
   defining Unicode char U+00B6 (decimal 182)
   defining Unicode char U+00B7 (decimal 183)
   defining Unicode char U+2020 (decimal 8224)
   defining Unicode char U+2021 (decimal 8225)
   defining Unicode char U+2022 (decimal 8226)
)
Now handling font encoding OMX ...
... no UTF-8 mapping file for font encoding OMX
Now handling font encoding U ...
... no UTF-8 mapping file for font encoding U
   defining Unicode char U+00A9 (decimal 169)
   defining Unicode char U+00AA (decimal 170)
   defining Unicode char U+00AE (decimal 174)
   defining Unicode char U+00BA (decimal 186)
   defining Unicode char U+02C6 (decimal 710)
   defining Unicode char U+02DC (decimal 732)
   defining Unicode char U+200C (decimal 8204)
   defining Unicode char U+2026 (decimal 8230)
   defining Unicode char U+2122 (decimal 8482)
   defining Unicode char U+2423 (decimal 9251)
))
("C:\Program Files\MiKTeX 2.9\tex\latex\base\fontenc.sty"
Package: fontenc 2017/04/05 v2.0i Standard LaTeX package

("C:\Program Files\MiKTeX 2.9\tex\latex\base\t1enc.def"
File: t1enc.def 2017/04/05 v2.0i Standard LaTeX file
LaTeX Font Info:    Redeclaring font encoding T1 on input line 48.
)
LaTeX Font Info:    Try loading font information for T1+ptm on input line 105.

("C:\Program Files\MiKTeX 2.9\tex\latex\psnfss\t1ptm.fd"
File: t1ptm.fd 2001/06/04 font definitions for T1/ptm.
))
("C:\Program Files\MiKTeX 2.9\tex\latex\hyperref\hyperref.sty"
Package: hyperref 2017/03/14 v6.85a Hypertext links for LaTeX

("C:\Program Files\MiKTeX 2.9\tex\generic\oberdiek\hobsub-hyperref.sty"
Package: hobsub-hyperref 2016/05/16 v1.14 Bundle oberdiek, subset hyperref (HO)


("C:\Program Files\MiKTeX 2.9\tex\generic\oberdiek\hobsub-generic.sty"
Package: hobsub-generic 2016/05/16 v1.14 Bundle oberdiek, subset generic (HO)
Package: hobsub 2016/05/16 v1.14 Construct package bundles (HO)
Package: infwarerr 2016/05/16 v1.4 Providing info/warning/error messages (HO)
Package: ltxcmds 2016/05/16 v1.23 LaTeX kernel commands for general use (HO)
Package: ifluatex 2016/05/16 v1.4 Provides the ifluatex switch (HO)
Package ifluatex Info: LuaTeX not detected.
Package: ifvtex 2016/05/16 v1.6 Detect VTeX and its facilities (HO)
Package ifvtex Info: VTeX not detected.
Package: intcalc 2016/05/16 v1.2 Expandable calculations with integers (HO)
Package: ifpdf 2017/03/15 v3.2 Provides the ifpdf switch
Package: etexcmds 2016/05/16 v1.6 Avoid name clashes with e-TeX commands (HO)
Package etexcmds Info: Could not find \expanded.
(etexcmds)             That can mean that you are not using pdfTeX 1.50 or
(etexcmds)             that some package has redefined \expanded.
(etexcmds)             In the latter case, load this package earlier.
Package: kvsetkeys 2016/05/16 v1.17 Key value parser (HO)
Package: kvdefinekeys 2016/05/16 v1.4 Define keys (HO)
Package: pdftexcmds 2017/03/19 v0.25 Utility functions of pdfTeX for LuaTeX (HO
)
Package pdftexcmds Info: LuaTeX not detected.
Package pdftexcmds Info: \pdf@primitive is available.
Package pdftexcmds Info: \pdf@ifprimitive is available.
Package pdftexcmds Info: \pdfdraftmode found.
Package: pdfescape 2016/05/16 v1.14 Implements pdfTeX's escape features (HO)
Package: bigintcalc 2016/05/16 v1.4 Expandable calculations on big integers (HO
)
Package: bitset 2016/05/16 v1.2 Handle bit-vector datatype (HO)
Package: uniquecounter 2016/05/16 v1.3 Provide unlimited unique counter (HO)
)
Package hobsub Info: Skipping package `hobsub' (already loaded).
Package: letltxmacro 2016/05/16 v1.5 Let assignment for LaTeX macros (HO)
Package: hopatch 2016/05/16 v1.3 Wrapper for package hooks (HO)
Package: xcolor-patch 2016/05/16 xcolor patch
Package: atveryend 2016/05/16 v1.9 Hooks at the very end of document (HO)
Package atveryend Info: \enddocument detected (standard20110627).
Package: atbegshi 2016/06/09 v1.18 At begin shipout hook (HO)
Package: refcount 2016/05/16 v3.5 Data extraction from label references (HO)
Package: hycolor 2016/05/16 v1.8 Color options for hyperref/bookmark (HO)
)
("C:\Program Files\MiKTeX 2.9\tex\latex\graphics\keyval.sty"
Package: keyval 2014/10/28 v1.15 key=value parser (DPC)
\KV@toks@=\toks17
)
("C:\Program Files\MiKTeX 2.9\tex\generic\ifxetex\ifxetex.sty"
Package: ifxetex 2010/09/12 v0.6 Provides ifxetex conditional
)
("C:\Program Files\MiKTeX 2.9\tex\latex\oberdiek\auxhook.sty"
Package: auxhook 2016/05/16 v1.4 Hooks for auxiliary files (HO)
)
("C:\Program Files\MiKTeX 2.9\tex\latex\oberdiek\kvoptions.sty"
Package: kvoptions 2016/05/16 v3.12 Key value format for package options (HO)
)
\@linkdim=\dimen126
\Hy@linkcounter=\count94
\Hy@pagecounter=\count95

("C:\Program Files\MiKTeX 2.9\tex\latex\hyperref\pd1enc.def"
File: pd1enc.def 2017/03/14 v6.85a Hyperref: PDFDocEncoding definition (HO)
Now handling font encoding PD1 ...
... no UTF-8 mapping file for font encoding PD1
)
\Hy@SavedSpaceFactor=\count96

("C:\Program Files\MiKTeX 2.9\tex\latex\00miktex\hyperref.cfg"
File: hyperref.cfg 2002/06/06 v1.2 hyperref configuration of TeXLive
)
Package hyperref Info: Hyper figures OFF on input line 4498.
Package hyperref Info: Link nesting OFF on input line 4503.
Package hyperref Info: Hyper index ON on input line 4506.
Package hyperref Info: Plain pages OFF on input line 4513.
Package hyperref Info: Backreferencing OFF on input line 4518.
Package hyperref Info: Implicit mode ON; LaTeX internals redefined.
Package hyperref Info: Bookmarks ON on input line 4751.
\c@Hy@tempcnt=\count97

(C:\Users\thorg\AppData\Roaming\MiKTeX\2.9\tex\latex\url\url.sty
\Urlmuskip=\muskip10
Package: url 2013/09/16  ver 3.4  Verb mode for urls, etc.
)
LaTeX Info: Redefining \url on input line 5104.
\XeTeXLinkMargin=\dimen127
\Fld@menulength=\count98
\Field@Width=\dimen128
\Fld@charsize=\dimen129
Package hyperref Info: Hyper figures OFF on input line 6358.
Package hyperref Info: Link nesting OFF on input line 6363.
Package hyperref Info: Hyper index ON on input line 6366.
Package hyperref Info: backreferencing OFF on input line 6373.
Package hyperref Info: Link coloring OFF on input line 6378.
Package hyperref Info: Link coloring with OCG OFF on input line 6383.
Package hyperref Info: PDF/A mode OFF on input line 6388.
LaTeX Info: Redefining \ref on input line 6428.
LaTeX Info: Redefining \pageref on input line 6432.
\Hy@abspage=\count99
\c@Item=\count100
\c@Hfootnote=\count101
)

Package hyperref Message: Driver (autodetected): hpdftex.

("C:\Program Files\MiKTeX 2.9\tex\latex\hyperref\hpdftex.def"
File: hpdftex.def 2017/03/14 v6.85a Hyperref driver for pdfTeX
\Fld@listcount=\count102
\c@bookmark@seq@number=\count103

("C:\Program Files\MiKTeX 2.9\tex\latex\oberdiek\rerunfilecheck.sty"
Package: rerunfilecheck 2016/05/16 v1.8 Rerun checks for auxiliary files (HO)
Package uniquecounter Info: New unique counter `rerunfilecheck' on input line 2
82.
)
\Hy@SectionHShift=\skip44
)
("C:\Program Files\MiKTeX 2.9\tex\latex\float\float.sty"
Package: float 2001/11/08 v1.3d Float enhancements (AL)
\c@float@type=\count104
\float@exts=\toks18
\float@box=\box28
\@float@everytoks=\toks19
\@floatcapt=\box29
)
(C:\Users\thorg\AppData\Roaming\MiKTeX\2.9\tex\latex\listings\listings.sty
\lst@mode=\count105
\lst@gtempboxa=\box30
\lst@token=\toks20
\lst@length=\count106
\lst@currlwidth=\dimen130
\lst@column=\count107
\lst@pos=\count108
\lst@lostspace=\dimen131
\lst@width=\dimen132
\lst@newlines=\count109
\lst@lineno=\count110
\lst@maxwidth=\dimen133

(C:\Users\thorg\AppData\Roaming\MiKTeX\2.9\tex\latex\listings\lstmisc.sty
File: lstmisc.sty 2015/06/04 1.6 (Carsten Heinz)
\c@lstnumber=\count111
\lst@skipnumbers=\count112
\lst@framebox=\box31
)
(C:\Users\thorg\AppData\Roaming\MiKTeX\2.9\tex\latex\listings\listings.cfg
File: listings.cfg 2015/06/04 1.6 listings configuration
))
Package: listings 2015/06/04 1.6 (Carsten Heinz)

(C:\Users\thorg\AppData\Roaming\MiKTeX\2.9\tex\latex\caption\caption.sty
Package: caption 2016/02/21 v3.3-144 Customizing captions (AR)

(C:\Users\thorg\AppData\Roaming\MiKTeX\2.9\tex\latex\caption\caption3.sty
Package: caption3 2016/05/22 v1.7-166 caption3 kernel (AR)
Package caption3 Info: TeX engine: e-TeX on input line 67.
\captionmargin=\dimen134
\captionmargin@=\dimen135
\captionwidth=\dimen136
\caption@tempdima=\dimen137
\caption@indent=\dimen138
\caption@parindent=\dimen139
\caption@hangindent=\dimen140
Package caption Info: Unknown document class (or package),
(caption)             standard defaults will be used.
)

Package caption Warning: Unsupported document class (or package) detected,
(caption)                usage of the caption package is not recommended.
See the caption package documentation for explanation.

Package caption Info: \@makecaption = \long macro:#1#2->\ifx \@captype \@IEEEta
blestring \footnotesize \bgroup \par \centering \@IEEEtabletopskipstrut {\norma
lfont \footnotesize #1}\\{\normalfont \footnotesize \scshape #2}\par \addvspace
 {0.5\baselineskip }\egroup \@IEEEtablecaptionsepspace \else \@IEEEfigurecaptio
nsepspace \setbox \@tempboxa \hbox {\normalfont \footnotesize {#1.}\nobreakspac
e \nobreakspace #2}\ifdim \wd \@tempboxa >\hsize \setbox \@tempboxa \hbox {\nor
malfont \footnotesize {#1.}\nobreakspace \nobreakspace }\parbox [t]{\hsize }{\n
ormalfont \footnotesize \noindent \unhbox \@tempboxa #2}\else \ifCLASSOPTIONcon
ference \hbox to\hsize {\normalfont \footnotesize \hfil \box \@tempboxa \hfil }
\else \hbox to\hsize {\normalfont \footnotesize \box \@tempboxa \hfil }\fi \fi 
\fi .
\c@ContinuedFloat=\count113
Package caption Info: float package is loaded.
Package caption Info: hyperref package is loaded.
Package caption Info: listings package is loaded.
) (C:\Users\thorg\AppData\Roaming\MiKTeX\2.9\tex\latex\pgfplots\pgfplots.sty
(C:\Users\thorg\AppData\Roaming\MiKTeX\2.9\tex\generic\pgfplots\pgfplots.revisi
on.tex)
Package: pgfplots 2017/06/05 v1.15 Data Visualization (1.15)
 ("C:\Program Files\MiKTeX 2.9\tex\latex\graphics\graphicx.sty"
Package: graphicx 2014/10/28 v1.0g Enhanced LaTeX Graphics (DPC,SPQR)

("C:\Program Files\MiKTeX 2.9\tex\latex\graphics\graphics.sty"
Package: graphics 2017/04/14 v1.1b Standard LaTeX Graphics (DPC,SPQR)

("C:\Program Files\MiKTeX 2.9\tex\latex\graphics\trig.sty"
Package: trig 2016/01/03 v1.10 sin cos tan (DPC)
)
("C:\Program Files\MiKTeX 2.9\tex\latex\graphics-cfg\graphics.cfg"
File: graphics.cfg 2016/06/04 v1.11 sample graphics configuration
)
Package graphics Info: Driver file: pdftex.def on input line 99.

("C:\Program Files\MiKTeX 2.9\tex\latex\graphics-def\pdftex.def"
File: pdftex.def 2017/01/12 v0.06k Graphics/color for pdfTeX
\Gread@gobject=\count114
))
\Gin@req@height=\dimen141
\Gin@req@width=\dimen142
)
(C:\Users\thorg\AppData\Roaming\MiKTeX\2.9\tex\latex\pgf\frontendlayer\tikz.sty
(C:\Users\thorg\AppData\Roaming\MiKTeX\2.9\tex\latex\pgf\basiclayer\pgf.sty
(C:\Users\thorg\AppData\Roaming\MiKTeX\2.9\tex\latex\pgf\utilities\pgfrcs.sty
(C:\Users\thorg\AppData\Roaming\MiKTeX\2.9\tex\generic\pgf\utilities\pgfutil-co
mmon.tex
\pgfutil@everybye=\toks21
\pgfutil@tempdima=\dimen143
\pgfutil@tempdimb=\dimen144

(C:\Users\thorg\AppData\Roaming\MiKTeX\2.9\tex\generic\pgf\utilities\pgfutil-co
mmon-lists.tex))
(C:\Users\thorg\AppData\Roaming\MiKTeX\2.9\tex\generic\pgf\utilities\pgfutil-la
tex.def
\pgfutil@abb=\box32
 (C:\Users\thorg\AppData\Roaming\MiKTeX\2.9\tex\latex\ms\everyshi.sty
Package: everyshi 2001/05/15 v3.00 EveryShipout Package (MS)
))
(C:\Users\thorg\AppData\Roaming\MiKTeX\2.9\tex\generic\pgf\utilities\pgfrcs.cod
e.tex
Package: pgfrcs 2015/08/07 v3.0.1a (rcs-revision 1.31)
))
Package: pgf 2015/08/07 v3.0.1a (rcs-revision 1.15)

(C:\Users\thorg\AppData\Roaming\MiKTeX\2.9\tex\latex\pgf\basiclayer\pgfcore.sty

(C:\Users\thorg\AppData\Roaming\MiKTeX\2.9\tex\latex\pgf\systemlayer\pgfsys.sty

(C:\Users\thorg\AppData\Roaming\MiKTeX\2.9\tex\generic\pgf\systemlayer\pgfsys.c
ode.tex
Package: pgfsys 2014/07/09 v3.0.1a (rcs-revision 1.48)

(C:\Users\thorg\AppData\Roaming\MiKTeX\2.9\tex\generic\pgf\utilities\pgfkeys.co
de.tex
\pgfkeys@pathtoks=\toks22
\pgfkeys@temptoks=\toks23

(C:\Users\thorg\AppData\Roaming\MiKTeX\2.9\tex\generic\pgf\utilities\pgfkeysfil
tered.code.tex
\pgfkeys@tmptoks=\toks24
))
\pgf@x=\dimen145
\pgf@y=\dimen146
\pgf@xa=\dimen147
\pgf@ya=\dimen148
\pgf@xb=\dimen149
\pgf@yb=\dimen150
\pgf@xc=\dimen151
\pgf@yc=\dimen152
\w@pgf@writea=\write3
\r@pgf@reada=\read1
\c@pgf@counta=\count115
\c@pgf@countb=\count116
\c@pgf@countc=\count117
\c@pgf@countd=\count118
\t@pgf@toka=\toks25
\t@pgf@tokb=\toks26
\t@pgf@tokc=\toks27

(C:\Users\thorg\AppData\Roaming\MiKTeX\2.9\tex\generic\pgf\systemlayer\pgf.cfg
File: pgf.cfg 2008/05/14  (rcs-revision 1.7)
)
Driver file for pgf: pgfsys-pdftex.def

(C:\Users\thorg\AppData\Roaming\MiKTeX\2.9\tex\generic\pgf\systemlayer\pgfsys-p
dftex.def
File: pgfsys-pdftex.def 2014/10/11  (rcs-revision 1.35)

(C:\Users\thorg\AppData\Roaming\MiKTeX\2.9\tex\generic\pgf\systemlayer\pgfsys-c
ommon-pdf.def
File: pgfsys-common-pdf.def 2013/10/10  (rcs-revision 1.13)
)))
(C:\Users\thorg\AppData\Roaming\MiKTeX\2.9\tex\generic\pgf\systemlayer\pgfsysso
ftpath.code.tex
File: pgfsyssoftpath.code.tex 2013/09/09  (rcs-revision 1.9)
\pgfsyssoftpath@smallbuffer@items=\count119
\pgfsyssoftpath@bigbuffer@items=\count120
)
(C:\Users\thorg\AppData\Roaming\MiKTeX\2.9\tex\generic\pgf\systemlayer\pgfsyspr
otocol.code.tex
File: pgfsysprotocol.code.tex 2006/10/16  (rcs-revision 1.4)
))
(C:\Users\thorg\AppData\Roaming\MiKTeX\2.9\tex\latex\xcolor\xcolor.sty
Package: xcolor 2016/05/11 v2.12 LaTeX color extensions (UK)

("C:\Program Files\MiKTeX 2.9\tex\latex\graphics-cfg\color.cfg"
File: color.cfg 2016/01/02 v1.6 sample color configuration
)
Package xcolor Info: Driver file: pdftex.def on input line 225.
Package xcolor Info: Model `cmy' substituted by `cmy0' on input line 1348.
Package xcolor Info: Model `hsb' substituted by `rgb' on input line 1352.
Package xcolor Info: Model `RGB' extended on input line 1364.
Package xcolor Info: Model `HTML' substituted by `rgb' on input line 1366.
Package xcolor Info: Model `Hsb' substituted by `hsb' on input line 1367.
Package xcolor Info: Model `tHsb' substituted by `hsb' on input line 1368.
Package xcolor Info: Model `HSB' substituted by `hsb' on input line 1369.
Package xcolor Info: Model `Gray' substituted by `gray' on input line 1370.
Package xcolor Info: Model `wave' substituted by `hsb' on input line 1371.
)
(C:\Users\thorg\AppData\Roaming\MiKTeX\2.9\tex\generic\pgf\basiclayer\pgfcore.c
ode.tex
Package: pgfcore 2010/04/11 v3.0.1a (rcs-revision 1.7)

(C:\Users\thorg\AppData\Roaming\MiKTeX\2.9\tex\generic\pgf\math\pgfmath.code.te
x
(C:\Users\thorg\AppData\Roaming\MiKTeX\2.9\tex\generic\pgf\math\pgfmathcalc.cod
e.tex
(C:\Users\thorg\AppData\Roaming\MiKTeX\2.9\tex\generic\pgf\math\pgfmathutil.cod
e.tex)
(C:\Users\thorg\AppData\Roaming\MiKTeX\2.9\tex\generic\pgf\math\pgfmathparser.c
ode.tex
\pgfmath@dimen=\dimen153
\pgfmath@count=\count121
\pgfmath@box=\box33
\pgfmath@toks=\toks28
\pgfmath@stack@operand=\toks29
\pgfmath@stack@operation=\toks30
)
(C:\Users\thorg\AppData\Roaming\MiKTeX\2.9\tex\generic\pgf\math\pgfmathfunction
s.code.tex
(C:\Users\thorg\AppData\Roaming\MiKTeX\2.9\tex\generic\pgf\math\pgfmathfunction
s.basic.code.tex)
(C:\Users\thorg\AppData\Roaming\MiKTeX\2.9\tex\generic\pgf\math\pgfmathfunction
s.trigonometric.code.tex)
(C:\Users\thorg\AppData\Roaming\MiKTeX\2.9\tex\generic\pgf\math\pgfmathfunction
s.random.code.tex)
(C:\Users\thorg\AppData\Roaming\MiKTeX\2.9\tex\generic\pgf\math\pgfmathfunction
s.comparison.code.tex)
(C:\Users\thorg\AppData\Roaming\MiKTeX\2.9\tex\generic\pgf\math\pgfmathfunction
s.base.code.tex)
(C:\Users\thorg\AppData\Roaming\MiKTeX\2.9\tex\generic\pgf\math\pgfmathfunction
s.round.code.tex)
(C:\Users\thorg\AppData\Roaming\MiKTeX\2.9\tex\generic\pgf\math\pgfmathfunction
s.misc.code.tex)
(C:\Users\thorg\AppData\Roaming\MiKTeX\2.9\tex\generic\pgf\math\pgfmathfunction
s.integerarithmetics.code.tex)))
(C:\Users\thorg\AppData\Roaming\MiKTeX\2.9\tex\generic\pgf\math\pgfmathfloat.co
de.tex
\c@pgfmathroundto@lastzeros=\count122
))
(C:\Users\thorg\AppData\Roaming\MiKTeX\2.9\tex\generic\pgf\basiclayer\pgfcorepo
ints.code.tex
File: pgfcorepoints.code.tex 2013/10/07  (rcs-revision 1.27)
\pgf@picminx=\dimen154
\pgf@picmaxx=\dimen155
\pgf@picminy=\dimen156
\pgf@picmaxy=\dimen157
\pgf@pathminx=\dimen158
\pgf@pathmaxx=\dimen159
\pgf@pathminy=\dimen160
\pgf@pathmaxy=\dimen161
\pgf@xx=\dimen162
\pgf@xy=\dimen163
\pgf@yx=\dimen164
\pgf@yy=\dimen165
\pgf@zx=\dimen166
\pgf@zy=\dimen167
)
(C:\Users\thorg\AppData\Roaming\MiKTeX\2.9\tex\generic\pgf\basiclayer\pgfcorepa
thconstruct.code.tex
File: pgfcorepathconstruct.code.tex 2013/10/07  (rcs-revision 1.29)
\pgf@path@lastx=\dimen168
\pgf@path@lasty=\dimen169
)
(C:\Users\thorg\AppData\Roaming\MiKTeX\2.9\tex\generic\pgf\basiclayer\pgfcorepa
thusage.code.tex
File: pgfcorepathusage.code.tex 2014/11/02  (rcs-revision 1.24)
\pgf@shorten@end@additional=\dimen170
\pgf@shorten@start@additional=\dimen171
)
(C:\Users\thorg\AppData\Roaming\MiKTeX\2.9\tex\generic\pgf\basiclayer\pgfcoresc
opes.code.tex
File: pgfcorescopes.code.tex 2015/05/08  (rcs-revision 1.46)
\pgfpic=\box34
\pgf@hbox=\box35
\pgf@layerbox@main=\box36
\pgf@picture@serial@count=\count123
)
(C:\Users\thorg\AppData\Roaming\MiKTeX\2.9\tex\generic\pgf\basiclayer\pgfcoregr
aphicstate.code.tex
File: pgfcoregraphicstate.code.tex 2014/11/02  (rcs-revision 1.12)
\pgflinewidth=\dimen172
)
(C:\Users\thorg\AppData\Roaming\MiKTeX\2.9\tex\generic\pgf\basiclayer\pgfcoretr
ansformations.code.tex
File: pgfcoretransformations.code.tex 2015/08/07  (rcs-revision 1.20)
\pgf@pt@x=\dimen173
\pgf@pt@y=\dimen174
\pgf@pt@temp=\dimen175
)
(C:\Users\thorg\AppData\Roaming\MiKTeX\2.9\tex\generic\pgf\basiclayer\pgfcorequ
ick.code.tex
File: pgfcorequick.code.tex 2008/10/09  (rcs-revision 1.3)
)
(C:\Users\thorg\AppData\Roaming\MiKTeX\2.9\tex\generic\pgf\basiclayer\pgfcoreob
jects.code.tex
File: pgfcoreobjects.code.tex 2006/10/11  (rcs-revision 1.2)
)
(C:\Users\thorg\AppData\Roaming\MiKTeX\2.9\tex\generic\pgf\basiclayer\pgfcorepa
thprocessing.code.tex
File: pgfcorepathprocessing.code.tex 2013/09/09  (rcs-revision 1.9)
)
(C:\Users\thorg\AppData\Roaming\MiKTeX\2.9\tex\generic\pgf\basiclayer\pgfcorear
rows.code.tex
File: pgfcorearrows.code.tex 2015/05/14  (rcs-revision 1.43)
\pgfarrowsep=\dimen176
)
(C:\Users\thorg\AppData\Roaming\MiKTeX\2.9\tex\generic\pgf\basiclayer\pgfcoresh
ade.code.tex
File: pgfcoreshade.code.tex 2013/07/15  (rcs-revision 1.15)
\pgf@max=\dimen177
\pgf@sys@shading@range@num=\count124
)
(C:\Users\thorg\AppData\Roaming\MiKTeX\2.9\tex\generic\pgf\basiclayer\pgfcoreim
age.code.tex
File: pgfcoreimage.code.tex 2013/07/15  (rcs-revision 1.18)

(C:\Users\thorg\AppData\Roaming\MiKTeX\2.9\tex\generic\pgf\basiclayer\pgfcoreex
ternal.code.tex
File: pgfcoreexternal.code.tex 2014/07/09  (rcs-revision 1.21)
\pgfexternal@startupbox=\box37
))
(C:\Users\thorg\AppData\Roaming\MiKTeX\2.9\tex\generic\pgf\basiclayer\pgfcorela
yers.code.tex
File: pgfcorelayers.code.tex 2013/07/18  (rcs-revision 1.7)
)
(C:\Users\thorg\AppData\Roaming\MiKTeX\2.9\tex\generic\pgf\basiclayer\pgfcoretr
ansparency.code.tex
File: pgfcoretransparency.code.tex 2013/09/30  (rcs-revision 1.5)
)
(C:\Users\thorg\AppData\Roaming\MiKTeX\2.9\tex\generic\pgf\basiclayer\pgfcorepa
tterns.code.tex
File: pgfcorepatterns.code.tex 2013/11/07  (rcs-revision 1.5)
)))
(C:\Users\thorg\AppData\Roaming\MiKTeX\2.9\tex\generic\pgf\modules\pgfmodulesha
pes.code.tex
File: pgfmoduleshapes.code.tex 2014/03/21  (rcs-revision 1.35)
\pgfnodeparttextbox=\box38
)
(C:\Users\thorg\AppData\Roaming\MiKTeX\2.9\tex\generic\pgf\modules\pgfmoduleplo
t.code.tex
File: pgfmoduleplot.code.tex 2015/08/03  (rcs-revision 1.13)
)
(C:\Users\thorg\AppData\Roaming\MiKTeX\2.9\tex\latex\pgf\compatibility\pgfcomp-
version-0-65.sty
Package: pgfcomp-version-0-65 2007/07/03 v3.0.1a (rcs-revision 1.7)
\pgf@nodesepstart=\dimen178
\pgf@nodesepend=\dimen179
)
(C:\Users\thorg\AppData\Roaming\MiKTeX\2.9\tex\latex\pgf\compatibility\pgfcomp-
version-1-18.sty
Package: pgfcomp-version-1-18 2007/07/23 v3.0.1a (rcs-revision 1.1)
))
(C:\Users\thorg\AppData\Roaming\MiKTeX\2.9\tex\latex\pgf\utilities\pgffor.sty
(C:\Users\thorg\AppData\Roaming\MiKTeX\2.9\tex\latex\pgf\utilities\pgfkeys.sty
(C:\Users\thorg\AppData\Roaming\MiKTeX\2.9\tex\generic\pgf\utilities\pgfkeys.co
de.tex))
(C:\Users\thorg\AppData\Roaming\MiKTeX\2.9\tex\latex\pgf\math\pgfmath.sty
(C:\Users\thorg\AppData\Roaming\MiKTeX\2.9\tex\generic\pgf\math\pgfmath.code.te
x))
(C:\Users\thorg\AppData\Roaming\MiKTeX\2.9\tex\generic\pgf\utilities\pgffor.cod
e.tex
Package: pgffor 2013/12/13 v3.0.1a (rcs-revision 1.25)

(C:\Users\thorg\AppData\Roaming\MiKTeX\2.9\tex\generic\pgf\math\pgfmath.code.te
x)
\pgffor@iter=\dimen180
\pgffor@skip=\dimen181
\pgffor@stack=\toks31
\pgffor@toks=\toks32
))
(C:\Users\thorg\AppData\Roaming\MiKTeX\2.9\tex\generic\pgf\frontendlayer\tikz\t
ikz.code.tex
Package: tikz 2015/08/07 v3.0.1a (rcs-revision 1.151)

(C:\Users\thorg\AppData\Roaming\MiKTeX\2.9\tex\generic\pgf\libraries\pgflibrary
plothandlers.code.tex
File: pgflibraryplothandlers.code.tex 2013/08/31 v3.0.1a (rcs-revision 1.20)
\pgf@plot@mark@count=\count125
\pgfplotmarksize=\dimen182
)
\tikz@lastx=\dimen183
\tikz@lasty=\dimen184
\tikz@lastxsaved=\dimen185
\tikz@lastysaved=\dimen186
\tikzleveldistance=\dimen187
\tikzsiblingdistance=\dimen188
\tikz@figbox=\box39
\tikz@figbox@bg=\box40
\tikz@tempbox=\box41
\tikz@tempbox@bg=\box42
\tikztreelevel=\count126
\tikznumberofchildren=\count127
\tikznumberofcurrentchild=\count128
\tikz@fig@count=\count129

(C:\Users\thorg\AppData\Roaming\MiKTeX\2.9\tex\generic\pgf\modules\pgfmodulemat
rix.code.tex
File: pgfmodulematrix.code.tex 2013/09/17  (rcs-revision 1.8)
\pgfmatrixcurrentrow=\count130
\pgfmatrixcurrentcolumn=\count131
\pgf@matrix@numberofcolumns=\count132
)
\tikz@expandcount=\count133

(C:\Users\thorg\AppData\Roaming\MiKTeX\2.9\tex\generic\pgf\frontendlayer\tikz\l
ibraries\tikzlibrarytopaths.code.tex
File: tikzlibrarytopaths.code.tex 2008/06/17 v3.0.1a (rcs-revision 1.2)
)))
(C:\Users\thorg\AppData\Roaming\MiKTeX\2.9\tex\generic\pgfplots\pgfplots.code.t
ex
(C:\Users\thorg\AppData\Roaming\MiKTeX\2.9\tex\generic\pgfplots\pgfplotscore.co
de.tex
\t@pgfplots@toka=\toks33
\t@pgfplots@tokb=\toks34
\t@pgfplots@tokc=\toks35
\pgfplots@tmpa=\dimen189
\c@pgfplots@coordindex=\count134
\c@pgfplots@scanlineindex=\count135

(C:\Users\thorg\AppData\Roaming\MiKTeX\2.9\tex\generic\pgfplots\sys\pgfplotssys
generic.code.tex))
(C:\Users\thorg\AppData\Roaming\MiKTeX\2.9\tex\generic\pgfplots\libs\pgfplotsli
brary.code.tex)
(C:\Users\thorg\AppData\Roaming\MiKTeX\2.9\tex\generic\pgfplots\oldpgfcompatib\
pgfplotsoldpgfsupp_loader.code.tex
(C:\Users\thorg\AppData\Roaming\MiKTeX\2.9\tex\generic\pgf\libraries\pgflibrary
fpu.code.tex)
Package pgfplots: loading complementary arithmetics for your pgf version...

(C:\Users\thorg\AppData\Roaming\MiKTeX\2.9\tex\generic\pgfplots\oldpgfcompatib\
pgfplotsoldpgfsupp_pgflibraryfpu.code.tex)
(C:\Users\thorg\AppData\Roaming\MiKTeX\2.9\tex\generic\pgfplots\oldpgfcompatib\
pgfplotsoldpgfsupp_pgfmathfloat.code.tex
\c@pgfmathroundto@lastzeros=\count136
))
(C:\Users\thorg\AppData\Roaming\MiKTeX\2.9\tex\generic\pgfplots\util\pgfplotsut
il.code.tex
(C:\Users\thorg\AppData\Roaming\MiKTeX\2.9\tex\generic\pgfplots\liststructure\p
gfplotsliststructure.code.tex)
(C:\Users\thorg\AppData\Roaming\MiKTeX\2.9\tex\generic\pgfplots\liststructure\p
gfplotsliststructureext.code.tex)
(C:\Users\thorg\AppData\Roaming\MiKTeX\2.9\tex\generic\pgfplots\liststructure\p
gfplotsarray.code.tex
\c@pgfplotsarray@tmp=\count137
)
(C:\Users\thorg\AppData\Roaming\MiKTeX\2.9\tex\generic\pgfplots\liststructure\p
gfplotsmatrix.code.tex)
(C:\Users\thorg\AppData\Roaming\MiKTeX\2.9\tex\generic\pgfplots\numtable\pgfplo
tstableshared.code.tex
\c@pgfplotstable@counta=\count138
\t@pgfplotstable@a=\toks36
)
(C:\Users\thorg\AppData\Roaming\MiKTeX\2.9\tex\generic\pgfplots\liststructure\p
gfplotsdeque.code.tex)
(C:\Users\thorg\AppData\Roaming\MiKTeX\2.9\tex\generic\pgfplots\util\pgfplotsbi
nary.code.tex
(C:\Users\thorg\AppData\Roaming\MiKTeX\2.9\tex\generic\pgfplots\util\pgfplotsbi
nary.data.code.tex))
(C:\Users\thorg\AppData\Roaming\MiKTeX\2.9\tex\generic\pgfplots\util\pgfplotsut
il.verb.code.tex)
(C:\Users\thorg\AppData\Roaming\MiKTeX\2.9\tex\generic\pgfplots\libs\pgflibrary
pgfplots.surfshading.code.tex
\c@pgfplotslibrarysurf@no=\count139

(C:\Users\thorg\AppData\Roaming\MiKTeX\2.9\tex\generic\pgfplots\sys\pgflibraryp
gfplots.surfshading.pgfsys-pdftex.def)))
(C:\Users\thorg\AppData\Roaming\MiKTeX\2.9\tex\generic\pgfplots\util\pgfplotsco
lormap.code.tex
(C:\Users\thorg\AppData\Roaming\MiKTeX\2.9\tex\generic\pgfplots\util\pgfplotsco
lor.code.tex))
(C:\Users\thorg\AppData\Roaming\MiKTeX\2.9\tex\generic\pgfplots\pgfplotsstacked
plots.code.tex)
(C:\Users\thorg\AppData\Roaming\MiKTeX\2.9\tex\generic\pgfplots\pgfplotsplothan
dlers.code.tex
(C:\Users\thorg\AppData\Roaming\MiKTeX\2.9\tex\generic\pgfplots\pgfplotsmeshplo
thandler.code.tex
(C:\Users\thorg\AppData\Roaming\MiKTeX\2.9\tex\generic\pgfplots\pgfplotsmeshplo
timage.code.tex)))
(C:\Users\thorg\AppData\Roaming\MiKTeX\2.9\tex\generic\pgfplots\pgfplots.scalin
g.code.tex)
(C:\Users\thorg\AppData\Roaming\MiKTeX\2.9\tex\generic\pgfplots\pgfplotscoordpr
ocessing.code.tex)
(C:\Users\thorg\AppData\Roaming\MiKTeX\2.9\tex\generic\pgfplots\pgfplots.errorb
ars.code.tex)
(C:\Users\thorg\AppData\Roaming\MiKTeX\2.9\tex\generic\pgfplots\pgfplots.marker
s.code.tex)
(C:\Users\thorg\AppData\Roaming\MiKTeX\2.9\tex\generic\pgfplots\pgfplotsticks.c
ode.tex)
(C:\Users\thorg\AppData\Roaming\MiKTeX\2.9\tex\generic\pgfplots\pgfplots.paths.
code.tex)
(C:\Users\thorg\AppData\Roaming\MiKTeX\2.9\tex\generic\pgf\frontendlayer\tikz\l
ibraries\tikzlibrarydecorations.code.tex
(C:\Users\thorg\AppData\Roaming\MiKTeX\2.9\tex\generic\pgf\modules\pgfmoduledec
orations.code.tex
\pgfdecoratedcompleteddistance=\dimen190
\pgfdecoratedremainingdistance=\dimen191
\pgfdecoratedinputsegmentcompleteddistance=\dimen192
\pgfdecoratedinputsegmentremainingdistance=\dimen193
\pgf@decorate@distancetomove=\dimen194
\pgf@decorate@repeatstate=\count140
\pgfdecorationsegmentamplitude=\dimen195
\pgfdecorationsegmentlength=\dimen196
)
\tikz@lib@dec@box=\box43
)
(C:\Users\thorg\AppData\Roaming\MiKTeX\2.9\tex\generic\pgf\frontendlayer\tikz\l
ibraries\tikzlibrarydecorations.pathmorphing.code.tex
(C:\Users\thorg\AppData\Roaming\MiKTeX\2.9\tex\generic\pgf\libraries\decoration
s\pgflibrarydecorations.pathmorphing.code.tex))
(C:\Users\thorg\AppData\Roaming\MiKTeX\2.9\tex\generic\pgf\frontendlayer\tikz\l
ibraries\tikzlibrarydecorations.pathreplacing.code.tex
(C:\Users\thorg\AppData\Roaming\MiKTeX\2.9\tex\generic\pgf\libraries\decoration
s\pgflibrarydecorations.pathreplacing.code.tex))
\pgfplots@numplots=\count141
\pgfplots@xmin@reg=\dimen197
\pgfplots@xmax@reg=\dimen198
\pgfplots@ymin@reg=\dimen199
\pgfplots@ymax@reg=\dimen256
\pgfplots@zmin@reg=\dimen257
\pgfplots@zmax@reg=\dimen258
)
(C:\Users\thorg\AppData\Roaming\MiKTeX\2.9\tex\generic\pgf\frontendlayer\tikz\l
ibraries\tikzlibraryplotmarks.code.tex
File: tikzlibraryplotmarks.code.tex 2008/01/09 v3.0.1a (rcs-revision 1.1)

(C:\Users\thorg\AppData\Roaming\MiKTeX\2.9\tex\generic\pgf\libraries\pgflibrary
plotmarks.code.tex
File: pgflibraryplotmarks.code.tex 2015/08/03 v3.0.1a (rcs-revision 1.14)
)))
(C:\Users\thorg\AppData\Roaming\MiKTeX\2.9\tex\latex\pgfplots\pgfplotstable.sty

(C:\Users\thorg\AppData\Roaming\MiKTeX\2.9\tex\generic\pgfplots\pgfplots.revisi
on.tex)
Package: pgfplotstable 2017/06/05 v1.15 Table typesetting and Pretty-printing (
1.15)

(C:\Users\thorg\AppData\Roaming\MiKTeX\2.9\tex\generic\pgfplots\numtable\pgfplo
tstable.code.tex
(C:\Users\thorg\AppData\Roaming\MiKTeX\2.9\tex\generic\pgfplots\numtable\pgfplo
tstable.coltype.code.tex))
("C:\Program Files\MiKTeX 2.9\tex\latex\tools\array.sty"
Package: array 2016/10/06 v2.4d Tabular extension package (FMi)
\col@sep=\dimen259
\extrarowheight=\dimen260
\NC@list=\toks37
\extratabsurround=\skip45
\backup@length=\skip46
))
(C:\Users\thorg\AppData\Roaming\MiKTeX\2.9\tex\latex\breakcites\breakcites.sty)

(C:\Users\thorg\AppData\Roaming\MiKTeX\2.9\tex\latex\dblfloatfix\dblfloatfix.st
y
Package: dblfloatfix 2012/12/31 v1.0a (JAW)
 ("C:\Program Files\MiKTeX 2.9\tex\latex\base\fixltx2e.sty"
Package: fixltx2e 2016/12/29 v2.1a fixes to LaTeX (obsolete)
Applying: [2015/01/01] Old fixltx2e package on input line 46.


Package fixltx2e Warning: fixltx2e is not required with releases after 2015
(fixltx2e)                All fixes are now in the LaTeX kernel.
(fixltx2e)                See the latexrelease package for details.

Already applied: [0000/00/00] Old fixltx2e package on input line 53.
)
\@dblbotnum=\count142
\c@dblbotnumber=\count143
)
(C:\Users\thorg\AppData\Roaming\MiKTeX\2.9\tex\generic\pgfplots\libs\tikzlibrar
ypgfplots.fillbetween.code.tex
(C:\Users\thorg\AppData\Roaming\MiKTeX\2.9\tex\generic\pgfplots\pgfcontrib\tikz
libraryfillbetween.code.tex
(C:\Users\thorg\AppData\Roaming\MiKTeX\2.9\tex\generic\pgf\frontendlayer\tikz\l
ibraries\tikzlibraryintersections.code.tex
(C:\Users\thorg\AppData\Roaming\MiKTeX\2.9\tex\generic\pgf\libraries\pgflibrary
intersections.code.tex
\pgf@intersect@solutions=\count144
))
(C:\Users\thorg\AppData\Roaming\MiKTeX\2.9\tex\generic\pgfplots\pgfcontrib\tikz
librarydecorations.softclip.code.tex
(C:\Users\thorg\AppData\Roaming\MiKTeX\2.9\tex\generic\pgfplots\pgfcontrib\pgfl
ibraryfillbetween.code.tex)))
(C:\Users\thorg\AppData\Roaming\MiKTeX\2.9\tex\generic\pgfplots\libs\tikzlibrar
ypgfplots.decorations.softclip.code.tex))
(C:\Users\thorg\AppData\Roaming\MiKTeX\2.9\tex\latex\etoolbox\etoolbox.sty
Package: etoolbox 2017/01/02 v2.4 e-TeX tools for LaTeX (JAW)
\etb@tempcnta=\count145
)
No file main.aux.
\openout1 = `main.aux'.

LaTeX Font Info:    Checking defaults for OML/cmm/m/it on input line 68.
LaTeX Font Info:    ... okay on input line 68.
LaTeX Font Info:    Checking defaults for T1/cmr/m/n on input line 68.
LaTeX Font Info:    ... okay on input line 68.
LaTeX Font Info:    Checking defaults for OT1/cmr/m/n on input line 68.
LaTeX Font Info:    ... okay on input line 68.
LaTeX Font Info:    Checking defaults for OMS/cmsy/m/n on input line 68.
LaTeX Font Info:    ... okay on input line 68.
LaTeX Font Info:    Checking defaults for OMX/cmex/m/n on input line 68.
LaTeX Font Info:    ... okay on input line 68.
LaTeX Font Info:    Checking defaults for U/cmr/m/n on input line 68.
LaTeX Font Info:    ... okay on input line 68.
LaTeX Font Info:    Checking defaults for PD1/pdf/m/n on input line 68.
LaTeX Font Info:    ... okay on input line 68.
LaTeX Font Info:    Font shape `T1/ptm/bx/n' in size <5> not available
(Font)              Font shape `T1/ptm/b/n' tried instead on input line 68.
LaTeX Font Info:    Font shape `T1/ptm/bx/it' in size <5> not available
(Font)              Font shape `T1/ptm/b/it' tried instead on input line 68.
LaTeX Font Info:    Font shape `T1/ptm/bx/n' in size <7> not available
(Font)              Font shape `T1/ptm/b/n' tried instead on input line 68.
LaTeX Font Info:    Font shape `T1/ptm/bx/it' in size <7> not available
(Font)              Font shape `T1/ptm/b/it' tried instead on input line 68.
LaTeX Font Info:    Font shape `T1/ptm/bx/n' in size <8> not available
(Font)              Font shape `T1/ptm/b/n' tried instead on input line 68.
LaTeX Font Info:    Font shape `T1/ptm/bx/it' in size <8> not available
(Font)              Font shape `T1/ptm/b/it' tried instead on input line 68.
LaTeX Font Info:    Font shape `T1/ptm/bx/n' in size <9> not available
(Font)              Font shape `T1/ptm/b/n' tried instead on input line 68.
LaTeX Font Info:    Font shape `T1/ptm/bx/it' in size <9> not available
(Font)              Font shape `T1/ptm/b/it' tried instead on input line 68.
LaTeX Font Info:    Font shape `T1/ptm/bx/n' in size <10> not available
(Font)              Font shape `T1/ptm/b/n' tried instead on input line 68.
LaTeX Font Info:    Font shape `T1/ptm/bx/it' in size <10> not available
(Font)              Font shape `T1/ptm/b/it' tried instead on input line 68.
LaTeX Font Info:    Font shape `T1/ptm/bx/n' in size <11> not available
(Font)              Font shape `T1/ptm/b/n' tried instead on input line 68.
LaTeX Font Info:    Font shape `T1/ptm/bx/it' in size <11> not available
(Font)              Font shape `T1/ptm/b/it' tried instead on input line 68.
LaTeX Font Info:    Font shape `T1/ptm/bx/n' in size <12> not available
(Font)              Font shape `T1/ptm/b/n' tried instead on input line 68.
LaTeX Font Info:    Font shape `T1/ptm/bx/it' in size <12> not available
(Font)              Font shape `T1/ptm/b/it' tried instead on input line 68.
LaTeX Font Info:    Font shape `T1/ptm/bx/n' in size <17> not available
(Font)              Font shape `T1/ptm/b/n' tried instead on input line 68.
LaTeX Font Info:    Font shape `T1/ptm/bx/it' in size <17> not available
(Font)              Font shape `T1/ptm/b/it' tried instead on input line 68.
LaTeX Font Info:    Font shape `T1/ptm/bx/n' in size <20> not available
(Font)              Font shape `T1/ptm/b/n' tried instead on input line 68.
LaTeX Font Info:    Font shape `T1/ptm/bx/it' in size <20> not available
(Font)              Font shape `T1/ptm/b/it' tried instead on input line 68.
LaTeX Font Info:    Font shape `T1/ptm/bx/n' in size <24> not available
(Font)              Font shape `T1/ptm/b/n' tried instead on input line 68.
LaTeX Font Info:    Font shape `T1/ptm/bx/it' in size <24> not available
(Font)              Font shape `T1/ptm/b/it' tried instead on input line 68.
-- Lines per column: 56 (exact).
\AtBeginShipoutBox=\box44
Package hyperref Info: Link coloring OFF on input line 68.
("C:\Program Files\MiKTeX 2.9\tex\latex\hyperref\nameref.sty"
Package: nameref 2016/05/21 v2.44 Cross-referencing by name of section

("C:\Program Files\MiKTeX 2.9\tex\generic\oberdiek\gettitlestring.sty"
Package: gettitlestring 2016/05/16 v1.5 Cleanup title references (HO)
)
\c@section@level=\count146
)
LaTeX Info: Redefining \ref on input line 68.
LaTeX Info: Redefining \pageref on input line 68.
LaTeX Info: Redefining \nameref on input line 68.
\@outlinefile=\write4
\openout4 = `main.out'.

\c@lstlisting=\count147
Package caption Info: Begin \AtBeginDocument code.
Package caption Info: End \AtBeginDocument code.

("C:\Program Files\MiKTeX 2.9\tex\latex\oberdiek\epstopdf-base.sty"
Package: epstopdf-base 2016/05/15 v2.6 Base part for package epstopdf

("C:\Program Files\MiKTeX 2.9\tex\latex\oberdiek\grfext.sty"
Package: grfext 2016/05/16 v1.2 Manage graphics extensions (HO)
)
Package epstopdf-base Info: Redefining graphics rule for `.eps' on input line 4
38.
Package grfext Info: Graphics extension search list:
(grfext)             [.png,.pdf,.jpg,.mps,.jpeg,.jbig2,.jb2,.PNG,.PDF,.JPG,.JPE
G,.JBIG2,.JB2,.eps]
(grfext)             \AppendGraphicsExtensions on input line 456.
)
ABD: EveryShipout initializing macros
Package pgfplots notification 'compat/show suggested version=true': you might b
enefit from \pgfplotsset{compat=1.15} (current compat level: 1.10).


LaTeX Warning: Citation `szegedy2015going' on page 1 undefined on input line 84
.


LaTeX Warning: Citation `Love2006' on page 1 undefined on input line 88.


Underfull \hbox (badness 3158) in paragraph at lines 88--89
[]\T1/ptm/m/n/10 A game state in the game de-scrip-tion lan-guage
 []


LaTeX Warning: Citation `Genesereth2005' on page 1 undefined on input line 94.


LaTeX Warning: Citation `banerjee2007general' on page 1 undefined on input line
 94.


LaTeX Warning: Citation `kuhlmann2007graph' on page 1 undefined on input line 9
4.


LaTeX Warning: Citation `sato2015transfer' on page 1 undefined on input line 94
.


LaTeX Warning: Citation `banerjee2006value' on page 1 undefined on input line 9
4.


LaTeX Warning: Citation `lample2016playing' on page 1 undefined on input line 9
6.


LaTeX Warning: Citation `stevensplaying' on page 1 undefined on input line 96.


LaTeX Warning: Citation `mnih2013playing' on page 1 undefined on input line 96.



LaTeX Warning: Citation `mnih2015human' on page 1 undefined on input line 96.


LaTeX Warning: Citation `silver2016mastering' on page 1 undefined on input line
 96.


LaTeX Warning: Citation `hardwick2017evolving' on page 1 undefined on input lin
e 98.


LaTeX Warning: Citation `Love2006' on page 1 undefined on input line 101.


LaTeX Warning: Citation `schiffel2016grounding' on page 1 undefined on input li
ne 101.

LaTeX Font Info:    External font `cmex10' loaded for size
(Font)              <7> on input line 103.
LaTeX Font Info:    External font `cmex10' loaded for size
(Font)              <5> on input line 103.
[1{C:/ProgramData/MiKTeX/2.9/pdftex/config/pdftex.map}


]
<Images/chinese_checkers.png, id=19, 189.70876pt x 189.70876pt>
File: Images/chinese_checkers.png Graphic file (type png)

<use Images/chinese_checkers.png>
Package pdftex.def Info: Images/chinese_checkers.png used on input line 117.
(pdftex.def)             Requested size: 151.7672pt x 151.7672pt.

<Images/connect4.png, id=21, 204.765pt x 178.5069pt>
File: Images/connect4.png Graphic file (type png)
 <use Images/connect4.png>
Package pdftex.def Info: Images/connect4.png used on input line 127.
(pdftex.def)             Requested size: 143.3345pt x 124.95395pt.

Underfull \vbox (badness 2302) has occurred while \output is active []


<Images/breakthrough.png, id=22, 214.30063pt x 216.81pt>
File: Images/breakthrough.png Graphic file (type png)

<use Images/breakthrough.png>
Package pdftex.def Info: Images/breakthrough.png used on input line 137.
(pdftex.def)             Requested size: 171.44072pt x 173.44823pt.


LaTeX Warning: Citation `szegedy2015going' on page 2 undefined on input line 15
6.

[2 <./Images/chinese_checkers.png> <./Images/connect4.png> <./Images/breakthrou
gh.png>]

LaTeX Warning: Citation `chollet2015keras' on page 3 undefined on input line 16
7.


LaTeX Warning: Citation `hinton2012improving' on page 3 undefined on input line
 176.


LaTeX Warning: Citation `nair2010rectified' on page 3 undefined on input line 1
78.


Underfull \hbox (badness 1490) in paragraph at lines 178--179
[]\T1/ptm/m/n/10 All of the lay-ers use a rec-ti-fied lin-ear ac-ti-va-tion
 []


LaTeX Warning: Reference `fig:single_role_model' on page 3 undefined on input l
ine 181.


LaTeX Warning: Reference `fig:multi_role_model_code' on page 3 undefined on inp
ut line 183.


LaTeX Warning: Reference `fig:multi_role_model' on page 3 undefined on input li
ne 183.


LaTeX Warning: Reference `fig:multi_role_model' on page 3 undefined on input li
ne 185.


LaTeX Warning: Citation `Love2006' on page 3 undefined on input line 188.


LaTeX Warning: Citation `thie1983markov' on page 3 undefined on input line 188.



LaTeX Warning: Citation `medsker2001recurrent' on page 3 undefined on input lin
e 188.


LaTeX Warning: Citation `silver2016mastering' on page 3 undefined on input line
 192.

[3]

LaTeX Warning: Reference `fig:single-role' on page 4 undefined on input line 22
4.

PGFPlots: reading {data/connect4_long_run.csv}
PGFPlots: reading {data/connect4_long_run.csv}
PGFPlots: reading {data/breakthrough_long_run.csv}
PGFPlots: reading {data/breakthrough_long_run.csv}
Missing character: There is no + in font nullfont!
Missing character: There is no - in font nullfont!
PGFPlots: reading {data/chinese_checkers_6_long_run.csv}
PGFPlots: reading {data/chinese_checkers_6_long_run.csv}
PGFPlots: reading {data/connect4_pretrained_interval_data.csv}
PGFPlots: reading {data/connect4_pretrained_interval_data.csv}
PGFPlots: reading {data/connect4_interval_data.csv}
PGFPlots: reading {data/connect4_interval_data.csv}

Underfull \vbox (badness 2119) has occurred while \output is active []

PGFPlots: reading {data/connect4_pretrained_15000.csv}
PGFPlots: reading {data/connect4_pretrained_15000.csv}
PGFPlots: reading {data/connect4_15000.csv}
PGFPlots: reading {data/connect4_15000.csv}


LaTeX Warning: Reference `fig:connect4' on page 4 undefined on input line 336.

PGFPlots: reading {data/breakthrough_pretrained_interval_data.csv}
PGFPlots: reading {data/breakthrough_pretrained_interval_data.csv}
PGFPlots: reading {data/breakthrough_interval_data.csv}
PGFPlots: reading {data/breakthrough_interval_data.csv}
PGFPlots: reading {data/breakthrough_pretrained_15000.csv}
PGFPlots: reading {data/breakthrough_pretrained_15000.csv}
PGFPlots: reading {data/breakthrough_15000.csv}
PGFPlots: reading {data/breakthrough_15000.csv}

Underfull \vbox (badness 7099) has occurred while \output is active []

 [4]

LaTeX Warning: Reference `plot:breakthrough' on page 5 undefined on input line 
404.

PGFPlots: reading {data/chinese_checkers_6_pretrained_interval_data.csv}
PGFPlots: reading {data/chinese_checkers_6_pretrained_interval_data.csv}
PGFPlots: reading {data/chinese_checkers_6_interval_data.csv}
PGFPlots: reading {data/chinese_checkers_6_interval_data.csv}

LaTeX Warning: Reference `fig:cc6' on page 5 undefined on input line 441.

PGFPlots: reading {data/bt_trained_on_cc6+con4_(100trials).csv}
PGFPlots: reading {data/bt_trained_on_cc6+con4_(100trials).csv}
PGFPlots: reading {data/breakthrough_interval_data.csv}
PGFPlots: reading {data/breakthrough_interval_data.csv}
PGFPlots: reading {data/cc6_trained_on_bt+con4_(100trials).csv}
PGFPlots: reading {data/cc6_trained_on_bt+con4_(100trials).csv}
PGFPlots: reading {data/chinese_checkers_6_interval_data.csv}
PGFPlots: reading {data/chinese_checkers_6_interval_data.csv}
PGFPlots: reading {data/con4_trained_on_cc6+bt_(240trials).csv}
PGFPlots: reading {data/con4_trained_on_cc6+bt_(240trials).csv}
PGFPlots: reading {data/connect4_interval_data.csv}
PGFPlots: reading {data/connect4_interval_data.csv}
[5]
No file main.bbl.
[6] <Images/single_role_keras.png, id=91, 228.10219pt x 888.31876pt>
File: Images/single_role_keras.png Graphic file (type png)

<use Images/single_role_keras.png>
Package pdftex.def Info: Images/single_role_keras.png used on input line 588.
(pdftex.def)             Requested size: 114.0508pt x 444.1583pt.

<Images/multiple_roles_expanded.png, id=92, 326.21875pt x 664.98438pt>
File: Images/multiple_roles_expanded.png Graphic file (type png)

<use Images/multiple_roles_expanded.png>
Package pdftex.def Info: Images/multiple_roles_expanded.png used on input line 
595.
(pdftex.def)             Requested size: 241.40306pt x 492.09088pt.

Overfull \hbox (4.40306pt too wide) in paragraph at lines 595--597
 [][] 
 []


Underfull \vbox (badness 10000) has occurred while \output is active []


(C:\Users\thorg\AppData\Roaming\MiKTeX\2.9\tex\latex\listings\lstlang1.sty
File: lstlang1.sty 2015/06/04 1.6 listings language file
)
<Images/multiple_games_expanded.png, id=93, 662.97687pt x 763.35187pt>
File: Images/multiple_games_expanded.png Graphic file (type png)

<use Images/multiple_games_expanded.png>
Package pdftex.def Info: Images/multiple_games_expanded.png used on input line 
627.
(pdftex.def)             Requested size: 497.23143pt x 572.5125pt.


** Conference Paper **
Before submitting the final camera ready copy, remember to:

 1. Manually equalize the lengths of two columns on the last page
 of your paper;

 2. Ensure that any PostScript and/or PDF output post-processing
 uses only Type 1 fonts and that every step in the generation
 process uses the appropriate paper size.

[7 <./Images/single_role_keras.png> <./Images/multiple_roles_expanded.png>]
Package atveryend Info: Empty hook `BeforeClearDocument' on input line 631.

[8] [9 <./Images/multiple_games_expanded.png>]
Package atveryend Info: Empty hook `AfterLastShipout' on input line 631.
 (main.aux)
Package atveryend Info: Executing hook `AtVeryEndDocument' on input line 631.
Package atveryend Info: Executing hook `AtEndAfterFileList' on input line 631.


Package rerunfilecheck Warning: File `main.out' has changed.
(rerunfilecheck)                Rerun to get outlines right
(rerunfilecheck)                or use package `bookmark'.

Package rerunfilecheck Info: Checksums for `main.out':
(rerunfilecheck)             Before: <no file>
(rerunfilecheck)             After:  6BA38A1850D1F5EFF67E82B787EE8569;2169.

LaTeX Warning: There were undefined references.


LaTeX Warning: Label(s) may have changed. Rerun to get cross-references right.

Package atveryend Info: Empty hook `AtVeryVeryEnd' on input line 631.
 ) 
Here is how much of TeX's memory you used:
 30769 strings out of 493323
 737319 string characters out of 3139067
 1452650 words of memory out of 3000000
 33735 multiletter control sequences out of 15000+200000
 107002 words of font info for 105 fonts, out of 3000000 for 9000
 1141 hyphenation exceptions out of 8191
 62i,20n,107p,933b,2280s stack positions out of 5000i,500n,10000p,200000b,50000s
{C:/Program Files/MiKTeX 2.9/fonts/enc/dvips/base/8r.enc}<C:/Program Files/Mi
KTeX 2.9/fonts/type1/public/amsfonts/cm/cmmi10.pfb><C:/Program Files/MiKTeX 2.9
/fonts/type1/public/amsfonts/cm/cmr10.pfb><C:/Program Files/MiKTeX 2.9/fonts/ty
pe1/public/amsfonts/cm/cmr7.pfb><C:/Program Files/MiKTeX 2.9/fonts/type1/public
/amsfonts/cm/cmsy10.pfb><C:/Program Files/MiKTeX 2.9/fonts/type1/public/amsfont
s/cm/cmsy7.pfb><C:/Program Files/MiKTeX 2.9/fonts/type1/urw/times/utmb8a.pfb><C
:/Program Files/MiKTeX 2.9/fonts/type1/urw/times/utmbi8a.pfb><C:/Program Files/
MiKTeX 2.9/fonts/type1/urw/times/utmr8a.pfb><C:/Program Files/MiKTeX 2.9/fonts/
type1/urw/times/utmri8a.pfb>
Output written on main.pdf (9 pages, 705223 bytes).
PDF statistics:
 181 PDF objects out of 1000 (max. 8388607)
 78 named destinations out of 1000 (max. 500000)
 43 words of extra memory for PDF output out of 10000 (max. 10000000)

