\BOOKMARK [1][-]{section.1}{Introduction}{}% 1
\BOOKMARK [1][-]{section.2}{Related work}{}% 2
\BOOKMARK [1][-]{section.3}{State and action representations}{}% 3
\BOOKMARK [1][-]{section.4}{Selected Games}{}% 4
\BOOKMARK [2][-]{subsection.4.1}{Chinese checkers}{section.4}% 5
\BOOKMARK [2][-]{subsection.4.2}{Connect four}{section.4}% 6
\BOOKMARK [2][-]{subsection.4.3}{Breakthrough}{section.4}% 7
\BOOKMARK [1][-]{section.5}{Design of the models}{}% 8
\BOOKMARK [2][-]{subsection.5.1}{Network structure}{section.5}% 9
\BOOKMARK [3][-]{subsubsection.5.1.1}{Input component}{subsection.5.1}% 10
\BOOKMARK [3][-]{subsubsection.5.1.2}{Output component}{subsection.5.1}% 11
\BOOKMARK [3][-]{subsubsection.5.1.3}{Middle component}{subsection.5.1}% 12
\BOOKMARK [2][-]{subsection.5.2}{Models}{section.5}% 13
\BOOKMARK [3][-]{subsubsection.5.2.1}{Single role}{subsection.5.2}% 14
\BOOKMARK [3][-]{subsubsection.5.2.2}{Multi-role}{subsection.5.2}% 15
\BOOKMARK [3][-]{subsubsection.5.2.3}{Multi-game}{subsection.5.2}% 16
\BOOKMARK [2][-]{subsection.5.3}{Fully connected layers}{section.5}% 17
\BOOKMARK [2][-]{subsection.5.4}{Measure of accuracy}{section.5}% 18
\BOOKMARK [1][-]{section.6}{Experimental setup}{}% 19
\BOOKMARK [2][-]{subsection.6.1}{Single Role Experiments}{section.6}% 20
\BOOKMARK [2][-]{subsection.6.2}{Multiple Role Experiments}{section.6}% 21
\BOOKMARK [2][-]{subsection.6.3}{Multiple Game Experiments}{section.6}% 22
\BOOKMARK [1][-]{section.7}{Results}{}% 23
\BOOKMARK [2][-]{subsection.7.1}{Single-role experiments}{section.7}% 24
\BOOKMARK [2][-]{subsection.7.2}{Multi-role experiments}{section.7}% 25
\BOOKMARK [3][-]{subsubsection.7.2.1}{Connect four}{subsection.7.2}% 26
\BOOKMARK [3][-]{subsubsection.7.2.2}{Breakthrough}{subsection.7.2}% 27
\BOOKMARK [3][-]{subsubsection.7.2.3}{Chinese checkers}{subsection.7.2}% 28
\BOOKMARK [2][-]{subsection.7.3}{Multi-game experiments}{section.7}% 29
\BOOKMARK [1][-]{section.8}{Future Development}{}% 30
\BOOKMARK [2][-]{subsection.8.1}{Ideas for further development}{section.8}% 31
\BOOKMARK [1][-]{section.9}{Conclusions}{}% 32
\BOOKMARK [1][-]{section*.13}{Appendix}{}% 33
